  [1m[35m (2372.0ms)[0m  [1m[35mCREATE DATABASE "hello_rails_back_end_development" ENCODING = 'unicode'[0m
  [1m[35m (1005.2ms)[0m  [1m[35mCREATE DATABASE "hello_rails_back_end_test" ENCODING = 'unicode'[0m
  [1m[35m (257.1ms)[0m  [1m[35mCREATE TABLE "schema_migrations" ("version" character varying NOT NULL PRIMARY KEY)[0m
  [1m[35m (69.4ms)[0m  [1m[35mCREATE TABLE "ar_internal_metadata" ("key" character varying NOT NULL PRIMARY KEY, "value" character varying, "created_at" timestamp(6) NOT NULL, "updated_at" timestamp(6) NOT NULL)[0m
  [1m[35m (20.2ms)[0m  [1m[34mSELECT pg_try_advisory_lock(3369180297042482685)[0m
  [1m[35m (0.9ms)[0m  [1m[34mSELECT "schema_migrations"."version" FROM "schema_migrations" ORDER BY "schema_migrations"."version" ASC[0m
Migrating to CreateGreetings (20220204014817)
  [1m[36mTRANSACTION (0.2ms)[0m  [1m[35mBEGIN[0m
  [1m[35m (208.9ms)[0m  [1m[35mCREATE TABLE "greetings" ("id" bigserial primary key, "greetings" character varying, "created_at" timestamp(6) NOT NULL, "updated_at" timestamp(6) NOT NULL)[0m
  [1m[36mActiveRecord::SchemaMigration Create (11.9ms)[0m  [1m[32mINSERT INTO "schema_migrations" ("version") VALUES ($1) RETURNING "version"[0m  [["version", "20220204014817"]]
  [1m[36mTRANSACTION (49.7ms)[0m  [1m[35mCOMMIT[0m
  [1m[36mActiveRecord::InternalMetadata Load (0.5ms)[0m  [1m[34mSELECT "ar_internal_metadata".* FROM "ar_internal_metadata" WHERE "ar_internal_metadata"."key" = $1 LIMIT $2[0m  [["key", "environment"], ["LIMIT", 1]]
  [1m[36mTRANSACTION (0.3ms)[0m  [1m[35mBEGIN[0m
  [1m[36mActiveRecord::InternalMetadata Create (125.1ms)[0m  [1m[32mINSERT INTO "ar_internal_metadata" ("key", "value", "created_at", "updated_at") VALUES ($1, $2, $3, $4) RETURNING "key"[0m  [["key", "environment"], ["value", "development"], ["created_at", "2022-02-04 02:50:20.472085"], ["updated_at", "2022-02-04 02:50:20.472085"]]
  [1m[36mTRANSACTION (16.7ms)[0m  [1m[35mCOMMIT[0m
  [1m[35m (0.6ms)[0m  [1m[34mSELECT pg_advisory_unlock(3369180297042482685)[0m
  [1m[35m (2.2ms)[0m  [1m[34mSELECT "schema_migrations"."version" FROM "schema_migrations" ORDER BY "schema_migrations"."version" ASC[0m
Started GET "/" for 127.0.0.1 at 2022-02-04 08:29:41 +0100
  
ArgumentError (Missing :controller key on routes definition, please check your routes.):
  
config/routes.rb:2:in `block in <main>'
config/routes.rb:1:in `<main>'
Started GET "/" for 127.0.0.1 at 2022-02-04 08:33:04 +0100
  [1m[35m (222.2ms)[0m  [1m[34mSELECT "schema_migrations"."version" FROM "schema_migrations" ORDER BY "schema_migrations"."version" ASC[0m
Processing by StaticController#index as HTML
  Rendering layout layouts/application.html.erb
  Rendering static/index.html.erb within layouts/application
  Rendered static/index.html.erb within layouts/application (Duration: 46.4ms | Allocations: 107)
[Webpacker] Compiling...
[Webpacker] Compiled all packs in /home/kamwa/hello-rails-back-end/public/packs
[Webpacker] Hash: 4949f615883aa45838a7
Version: webpack 4.46.0
Time: 33848ms
Built at: 02/04/2022 8:36:15 AM
                                     Asset       Size       Chunks                         Chunk Names
    js/application-19ade39cc333985062bf.js    125 KiB  application  [emitted] [immutable]  application
js/application-19ade39cc333985062bf.js.map    139 KiB  application  [emitted] [dev]        application
                             manifest.json  364 bytes               [emitted]              
Entrypoint application = js/application-19ade39cc333985062bf.js js/application-19ade39cc333985062bf.js.map
[./app/javascript/channels sync recursive _channel\.js$] ./app/javascript/channels sync _channel\.js$ 160 bytes {application} [built]
[./app/javascript/channels/index.js] 211 bytes {application} [built]
[./app/javascript/packs/application.js] 492 bytes {application} [built]
[./node_modules/webpack/buildin/module.js] (webpack)/buildin/module.js 552 bytes {application} [built]
    + 3 hidden modules

  Rendered layout layouts/application.html.erb (Duration: 156449.3ms | Allocations: 19418)
Completed 200 OK in 157794ms (Views: 156738.9ms | ActiveRecord: 0.0ms | Allocations: 21783)


Started GET "/greetings" for 127.0.0.1 at 2022-02-04 08:40:46 +0100
Processing by GreetingsController#index as HTML
  [1m[36mGreeting Load (452.7ms)[0m  [1m[34mSELECT "greetings".* FROM "greetings"[0m
  ↳ app/controllers/greetings_controller.rb:3:in `index'
Completed 200 OK in 2380ms (Views: 1.0ms | ActiveRecord: 452.7ms | Allocations: 1286)


Started GET "/greetings" for 127.0.0.1 at 2022-02-04 08:43:20 +0100
Processing by GreetingsController#index as HTML
  [1m[36mGreeting Load (43.4ms)[0m  [1m[34mSELECT "greetings".* FROM "greetings"[0m
  ↳ app/controllers/greetings_controller.rb:3:in `index'
Completed 200 OK in 108ms (Views: 0.6ms | ActiveRecord: 43.4ms | Allocations: 1182)


Started GET "/greetings" for 127.0.0.1 at 2022-02-04 08:46:49 +0100
Processing by GreetingsController#index as HTML
  [1m[36mGreeting Load (3.6ms)[0m  [1m[34mSELECT "greetings".* FROM "greetings"[0m
  ↳ app/controllers/greetings_controller.rb:3:in `index'
Completed 200 OK in 22ms (Views: 0.3ms | ActiveRecord: 3.6ms | Allocations: 1182)


  [1m[35m (44.5ms)[0m  [1m[34mSELECT "schema_migrations"."version" FROM "schema_migrations" ORDER BY "schema_migrations"."version" ASC[0m
  [1m[36mTRANSACTION (0.3ms)[0m  [1m[35mBEGIN[0m
  [1m[36mGreeting Create (127.9ms)[0m  [1m[32mINSERT INTO "greetings" ("id", "greetings", "created_at", "updated_at") VALUES ($1, $2, $3, $4) RETURNING "id"[0m  [["id", 1], ["greetings", "Good Morning"], ["created_at", "2022-02-04 08:22:32.332245"], ["updated_at", "2022-02-04 08:22:32.332245"]]
  [1m[36mTRANSACTION (76.8ms)[0m  [1m[35mCOMMIT[0m
  [1m[36mTRANSACTION (0.2ms)[0m  [1m[35mBEGIN[0m
  [1m[36mGreeting Create (1.1ms)[0m  [1m[32mINSERT INTO "greetings" ("id", "greetings", "created_at", "updated_at") VALUES ($1, $2, $3, $4) RETURNING "id"[0m  [["id", 2], ["greetings", "Buenos Dias"], ["created_at", "2022-02-04 08:22:32.550483"], ["updated_at", "2022-02-04 08:22:32.550483"]]
  [1m[36mTRANSACTION (2.4ms)[0m  [1m[35mCOMMIT[0m
  [1m[36mTRANSACTION (0.7ms)[0m  [1m[35mBEGIN[0m
  [1m[36mGreeting Create (0.7ms)[0m  [1m[32mINSERT INTO "greetings" ("id", "greetings", "created_at", "updated_at") VALUES ($1, $2, $3, $4) RETURNING "id"[0m  [["id", 3], ["greetings", "Ǵuten Tag"], ["created_at", "2022-02-04 08:22:32.566962"], ["updated_at", "2022-02-04 08:22:32.566962"]]
  [1m[36mTRANSACTION (2.0ms)[0m  [1m[35mCOMMIT[0m
  [1m[36mTRANSACTION (0.3ms)[0m  [1m[35mBEGIN[0m
  [1m[36mGreeting Create (0.6ms)[0m  [1m[32mINSERT INTO "greetings" ("id", "greetings", "created_at", "updated_at") VALUES ($1, $2, $3, $4) RETURNING "id"[0m  [["id", 4], ["greetings", "Ola"], ["created_at", "2022-02-04 08:22:32.585445"], ["updated_at", "2022-02-04 08:22:32.585445"]]
  [1m[36mTRANSACTION (1.6ms)[0m  [1m[35mCOMMIT[0m
  [1m[36mTRANSACTION (0.3ms)[0m  [1m[35mBEGIN[0m
  [1m[36mGreeting Create (0.7ms)[0m  [1m[32mINSERT INTO "greetings" ("id", "greetings", "created_at", "updated_at") VALUES ($1, $2, $3, $4) RETURNING "id"[0m  [["id", 5], ["greetings", "Bonjour"], ["created_at", "2022-02-04 08:22:32.602037"], ["updated_at", "2022-02-04 08:22:32.602037"]]
  [1m[36mTRANSACTION (2.0ms)[0m  [1m[35mCOMMIT[0m
Started GET "/greetings" for 127.0.0.1 at 2022-02-04 09:23:10 +0100
Processing by GreetingsController#index as HTML
  [1m[36mGreeting Load (4.1ms)[0m  [1m[34mSELECT "greetings".* FROM "greetings"[0m
  ↳ app/controllers/greetings_controller.rb:3:in `index'
Completed 200 OK in 5089ms (Views: 421.6ms | ActiveRecord: 191.3ms | Allocations: 7356)


Started GET "/greetings" for 127.0.0.1 at 2022-02-04 09:24:26 +0100
Processing by GreetingsController#index as HTML
  [1m[36mGreeting Load (179.4ms)[0m  [1m[34mSELECT "greetings".* FROM "greetings"[0m
  ↳ app/controllers/greetings_controller.rb:3:in `index'
Completed 200 OK in 822ms (Views: 14.0ms | ActiveRecord: 179.4ms | Allocations: 1063)


Started GET "/greetings" for 127.0.0.1 at 2022-02-04 09:25:28 +0100
Processing by GreetingsController#index as HTML
  [1m[36mGreeting Load (24.4ms)[0m  [1m[34mSELECT "greetings".* FROM "greetings"[0m
  ↳ app/controllers/greetings_controller.rb:3:in `index'
Completed 200 OK in 63ms (Views: 0.9ms | ActiveRecord: 24.4ms | Allocations: 1043)


Started GET "/greetings" for 127.0.0.1 at 2022-02-04 09:31:44 +0100
Processing by GreetingsController#index as HTML
  [1m[36mGreeting Load (220.0ms)[0m  [1m[34mSELECT "greetings".* FROM "greetings"[0m
  ↳ app/controllers/greetings_controller.rb:3:in `index'
Completed 200 OK in 4916ms (Views: 2.0ms | ActiveRecord: 2714.4ms | Allocations: 4032)


Started GET "/" for 127.0.0.1 at 2022-02-04 09:32:32 +0100
Processing by StaticController#index as HTML
  Rendering layout layouts/application.html.erb
  Rendering static/index.html.erb within layouts/application
  Rendered static/index.html.erb within layouts/application (Duration: 51.6ms | Allocations: 35)
[Webpacker] Everything's up-to-date. Nothing to do
  Rendered layout layouts/application.html.erb (Duration: 2012.9ms | Allocations: 2989)
Completed 200 OK in 2204ms (Views: 2140.2ms | ActiveRecord: 0.0ms | Allocations: 3482)


Started GET "/greetings" for 127.0.0.1 at 2022-02-04 09:33:22 +0100
Processing by GreetingsController#index as HTML
  [1m[36mGreeting Load (4.7ms)[0m  [1m[34mSELECT "greetings".* FROM "greetings"[0m
  ↳ app/controllers/greetings_controller.rb:3:in `index'
Completed 200 OK in 100ms (Views: 57.5ms | ActiveRecord: 4.7ms | Allocations: 1044)


Started GET "/greetings" for 127.0.0.1 at 2022-02-04 09:37:17 +0100
Processing by GreetingsController#index as HTML
  [1m[36mGreeting Load (9.0ms)[0m  [1m[34mSELECT "greetings".* FROM "greetings"[0m
  ↳ app/controllers/greetings_controller.rb:3:in `index'
Completed 200 OK in 67ms (Views: 1.5ms | ActiveRecord: 9.0ms | Allocations: 1043)


